# JRE version: OpenJDK Runtime Environment (8.0_312-b07) (build 1.8.0_312-b07)
# Java VM: OpenJDK 64-Bit Server VM (25.312-b07 mixed mode windows-amd64 compressed oops)
Heap:
 PSYoungGen      total 127488K, used 74862K [0x00000000f5580000, 0x00000000ff380000, 0x0000000100000000)
  eden space 97280K, 55% used [0x00000000f5580000,0x00000000f8aafd20,0x00000000fb480000)
  from space 30208K, 67% used [0x00000000fd600000,0x00000000fe9ebb58,0x00000000ff380000)
  to   space 32256K, 0% used [0x00000000fb480000,0x00000000fb480000,0x00000000fd400000)
 ParOldGen       total 198144K, used 50835K [0x00000000e0000000, 0x00000000ec180000, 0x00000000f5580000)
  object space 198144K, 25% used [0x00000000e0000000,0x00000000e31a4e98,0x00000000ec180000)
 Metaspace       used 86088K, capacity 91580K, committed 91776K, reserved 1128448K
  class space    used 11583K, capacity 12554K, committed 12672K, reserved 1048576K
GC Heap History (10 events):
Event: 3048.863 GC heap before
{Heap before GC invocations=17 (full 3):
 PSYoungGen      total 147456K, used 147437K [0x00000000f5580000, 0x0000000100000000, 0x0000000100000000)
  eden space 120320K, 100% used [0x00000000f5580000,0x00000000fcb00000,0x00000000fcb00000)
  from space 27136K, 99% used [0x00000000fcb00000,0x00000000fe57b570,0x00000000fe580000)
  to   space 27136K, 0% used [0x00000000fe580000,0x00000000fe580000,0x0000000100000000)
 ParOldGen       total 198144K, used 42210K [0x00000000e0000000, 0x00000000ec180000, 0x00000000f5580000)
  object space 198144K, 21% used [0x00000000e0000000,0x00000000e2938908,0x00000000ec180000)
 Metaspace       used 83606K, capacity 88012K, committed 88320K, reserved 1126400K
  class space    used 11381K, capacity 12182K, committed 12288K, reserved 1048576K
Event: 3049.025 GC heap after
Heap after GC invocations=17 (full 3):
 PSYoungGen      total 131072K, used 27130K [0x00000000f5580000, 0x0000000100000000, 0x0000000100000000)
  eden space 103936K, 0% used [0x00000000f5580000,0x00000000f5580000,0x00000000fbb00000)
  from space 27136K, 99% used [0x00000000fe580000,0x00000000ffffe820,0x0000000100000000)
  to   space 35328K, 0% used [0x00000000fbb00000,0x00000000fbb00000,0x00000000fdd80000)
 ParOldGen       total 198144K, used 50803K [0x00000000e0000000, 0x00000000ec180000, 0x00000000f5580000)
  object space 198144K, 25% used [0x00000000e0000000,0x00000000e319ce98,0x00000000ec180000)
 Metaspace       used 83606K, capacity 88012K, committed 88320K, reserved 1126400K
  class space    used 11381K, capacity 12182K, committed 12288K, reserved 1048576K
}
Event: 3422.765 GC heap before
{Heap before GC invocations=18 (full 3):
 PSYoungGen      total 131072K, used 131066K [0x00000000f5580000, 0x0000000100000000, 0x0000000100000000)
  eden space 103936K, 100% used [0x00000000f5580000,0x00000000fbb00000,0x00000000fbb00000)
  from space 27136K, 99% used [0x00000000fe580000,0x00000000ffffe820,0x0000000100000000)
  to   space 35328K, 0% used [0x00000000fbb00000,0x00000000fbb00000,0x00000000fdd80000)
 ParOldGen       total 198144K, used 50803K [0x00000000e0000000, 0x00000000ec180000, 0x00000000f5580000)
  object space 198144K, 25% used [0x00000000e0000000,0x00000000e319ce98,0x00000000ec180000)
 Metaspace       used 84807K, capacity 89876K, committed 90112K, reserved 1126400K
  class space    used 11507K, capacity 12426K, committed 12544K, reserved 1048576K
Event: 3423.093 GC heap after
Heap after GC invocations=18 (full 3):
 PSYoungGen      total 121856K, used 19613K [0x00000000f5580000, 0x00000000ffc00000, 0x0000000100000000)
  eden space 101888K, 0% used [0x00000000f5580000,0x00000000f5580000,0x00000000fb900000)
  from space 19968K, 98% used [0x00000000fbb00000,0x00000000fce27538,0x00000000fce80000)
  to   space 34304K, 0% used [0x00000000fda80000,0x00000000fda80000,0x00000000ffc00000)
 ParOldGen       total 198144K, used 50811K [0x00000000e0000000, 0x00000000ec180000, 0x00000000f5580000)
  object space 198144K, 25% used [0x00000000e0000000,0x00000000e319ee98,0x00000000ec180000)
 Metaspace       used 84807K, capacity 89876K, committed 90112K, reserved 1126400K
  class space    used 11507K, capacity 12426K, committed 12544K, reserved 1048576K
}
Event: 8471.670 GC heap before
{Heap before GC invocations=19 (full 3):
 PSYoungGen      total 121856K, used 121501K [0x00000000f5580000, 0x00000000ffc00000, 0x0000000100000000)
  eden space 101888K, 100% used [0x00000000f5580000,0x00000000fb900000,0x00000000fb900000)
  from space 19968K, 98% used [0x00000000fbb00000,0x00000000fce27538,0x00000000fce80000)
  to   space 34304K, 0% used [0x00000000fda80000,0x00000000fda80000,0x00000000ffc00000)
 ParOldGen       total 198144K, used 50811K [0x00000000e0000000, 0x00000000ec180000, 0x00000000f5580000)
  object space 198144K, 25% used [0x00000000e0000000,0x00000000e319ee98,0x00000000ec180000)
 Metaspace       used 85201K, capacity 90398K, committed 90624K, reserved 1128448K
  class space    used 11526K, capacity 12457K, committed 12544K, reserved 1048576K
Event: 8471.991 GC heap after
Heap after GC invocations=19 (full 3):
 PSYoungGen      total 131072K, used 18817K [0x00000000f5580000, 0x00000000ff880000, 0x0000000100000000)
  eden space 100352K, 0% used [0x00000000f5580000,0x00000000f5580000,0x00000000fb780000)
  from space 30720K, 61% used [0x00000000fda80000,0x00000000fece0770,0x00000000ff880000)
  to   space 33280K, 0% used [0x00000000fb780000,0x00000000fb780000,0x00000000fd800000)
 ParOldGen       total 198144K, used 50819K [0x00000000e0000000, 0x00000000ec180000, 0x00000000f5580000)
  object space 198144K, 25% used [0x00000000e0000000,0x00000000e31a0e98,0x00000000ec180000)
 Metaspace       used 85201K, capacity 90398K, committed 90624K, reserved 1128448K
  class space    used 11526K, capacity 12457K, committed 12544K, reserved 1048576K
}
Event: 10668.319 GC heap before
{Heap before GC invocations=20 (full 3):
 PSYoungGen      total 131072K, used 119169K [0x00000000f5580000, 0x00000000ff880000, 0x0000000100000000)
  eden space 100352K, 100% used [0x00000000f5580000,0x00000000fb780000,0x00000000fb780000)
  from space 30720K, 61% used [0x00000000fda80000,0x00000000fece0770,0x00000000ff880000)
  to   space 33280K, 0% used [0x00000000fb780000,0x00000000fb780000,0x00000000fd800000)
 ParOldGen       total 198144K, used 50819K [0x00000000e0000000, 0x00000000ec180000, 0x00000000f5580000)
  object space 198144K, 25% used [0x00000000e0000000,0x00000000e31a0e98,0x00000000ec180000)
 Metaspace       used 85480K, capacity 90656K, committed 90880K, reserved 1128448K
  class space    used 11533K, capacity 12468K, committed 12544K, reserved 1048576K
Event: 10668.655 GC heap after
Heap after GC invocations=20 (full 3):
 PSYoungGen      total 119808K, used 20491K [0x00000000f5580000, 0x00000000ff600000, 0x0000000100000000)
  eden space 98816K, 0% used [0x00000000f5580000,0x00000000f5580000,0x00000000fb600000)
  from space 20992K, 97% used [0x00000000fb780000,0x00000000fcb82e40,0x00000000fcc00000)
  to   space 32768K, 0% used [0x00000000fd600000,0x00000000fd600000,0x00000000ff600000)
 ParOldGen       total 198144K, used 50827K [0x00000000e0000000, 0x00000000ec180000, 0x00000000f5580000)
  object space 198144K, 25% used [0x00000000e0000000,0x00000000e31a2e98,0x00000000ec180000)
 Metaspace       used 85480K, capacity 90656K, committed 90880K, reserved 1128448K
  class space    used 11533K, capacity 12468K, committed 12544K, reserved 1048576K
}
Event: 10872.773 GC heap before
{Heap before GC invocations=21 (full 3):
 PSYoungGen      total 119808K, used 119307K [0x00000000f5580000, 0x00000000ff600000, 0x0000000100000000)
  eden space 98816K, 100% used [0x00000000f5580000,0x00000000fb600000,0x00000000fb600000)
  from space 20992K, 97% used [0x00000000fb780000,0x00000000fcb82e40,0x00000000fcc00000)
  to   space 32768K, 0% used [0x00000000fd600000,0x00000000fd600000,0x00000000ff600000)
 ParOldGen       total 198144K, used 50827K [0x00000000e0000000, 0x00000000ec180000, 0x00000000f5580000)
  object space 198144K, 25% used [0x00000000e0000000,0x00000000e31a2e98,0x00000000ec180000)
 Metaspace       used 85966K, capacity 91446K, committed 91776K, reserved 1128448K
  class space    used 11580K, capacity 12553K, committed 12672K, reserved 1048576K
Event: 10872.905 GC heap after
Heap after GC invocations=21 (full 3):
 PSYoungGen      total 127488K, used 20398K [0x00000000f5580000, 0x00000000ff380000, 0x0000000100000000)
  eden space 97280K, 0% used [0x00000000f5580000,0x00000000f5580000,0x00000000fb480000)
  from space 30208K, 67% used [0x00000000fd600000,0x00000000fe9ebb58,0x00000000ff380000)
  to   space 32256K, 0% used [0x00000000fb480000,0x00000000fb480000,0x00000000fd400000)
 ParOldGen       total 198144K, used 50835K [0x00000000e0000000, 0x00000000ec180000, 0x00000000f5580000)
  object space 198144K, 25% used [0x00000000e0000000,0x00000000e31a4e98,0x00000000ec180000)
 Metaspace       used 85966K, capacity 91446K, committed 91776K, reserved 1128448K
  class space    used 11580K, capacity 12553K, committed 12672K, reserved 1048576K
}

